<?xml version="1.0" encoding="utf-8"?><testsuites name="pytest tests"><testsuite name="pytest" errors="0" failures="0" skipped="0" tests="20" time="32.582" timestamp="2026-02-28T14:51:32.670297+00:00" hostname="agent-env-99ff99c9-a260-462c-bdb0-fd748b8d17ce"><testcase classname="tests.test_food_ordering.TestAuth" name="test_login_success" time="1.366" /><testcase classname="tests.test_food_ordering.TestAuth" name="test_login_invalid_credentials" time="0.197" /><testcase classname="tests.test_food_ordering.TestMenuCRUD" name="test_get_menu_items_public" time="0.669" /><testcase classname="tests.test_food_ordering.TestMenuCRUD" name="test_get_available_menu_items_only" time="0.882" /><testcase classname="tests.test_food_ordering.TestMenuCRUD" name="test_create_menu_item" time="1.853" /><testcase classname="tests.test_food_ordering.TestMenuCRUD" name="test_create_menu_item_requires_auth" time="1.257" /><testcase classname="tests.test_food_ordering.TestMenuCRUD" name="test_update_menu_item" time="1.763" /><testcase classname="tests.test_food_ordering.TestMenuCRUD" name="test_delete_menu_item" time="1.467" /><testcase classname="tests.test_food_ordering.TestMenuCRUD" name="test_get_nonexistent_menu_item" time="1.015" /><testcase classname="tests.test_food_ordering.TestOrderCRUD" name="test_create_order_public" time="1.508" /><testcase classname="tests.test_food_ordering.TestOrderCRUD" name="test_get_order_by_id" time="1.478" /><testcase classname="tests.test_food_ordering.TestOrderCRUD" name="test_get_all_orders_requires_auth" time="1.227" /><testcase classname="tests.test_food_ordering.TestOrderCRUD" name="test_get_all_orders_admin" time="1.348" /><testcase classname="tests.test_food_ordering.TestOrderCRUD" name="test_get_orders_by_apartment" time="1.558" /><testcase classname="tests.test_food_ordering.TestOrderCRUD" name="test_update_order_status_accepted" time="1.776" /><testcase classname="tests.test_food_ordering.TestOrderCRUD" name="test_order_status_flow" time="3.507" /><testcase classname="tests.test_food_ordering.TestOrderCRUD" name="test_delete_order" time="1.847" /><testcase classname="tests.test_food_ordering.TestOrderCRUD" name="test_get_nonexistent_order" time="1.425" /><testcase classname="tests.test_food_ordering.TestCleanup" name="test_cleanup_test_menu_items" time="4.442" /><testcase classname="tests.test_food_ordering.TestCleanup" name="test_cleanup_test_orders" time="1.202" /></testsuite></testsuites>