<?xml version="1.0" encoding="utf-8"?><testsuites name="pytest tests"><testsuite name="pytest" errors="0" failures="0" skipped="0" tests="16" time="6.289" timestamp="2026-04-04T19:33:04.217335+00:00" hostname="agent-env-99ff99c9-a260-462c-bdb0-fd748b8d17ce"><testcase classname="tests.test_skapeta_orders.TestHealthCheck" name="test_api_root" time="0.882" /><testcase classname="tests.test_skapeta_orders.TestMenuItems" name="test_get_all_menu_items" time="0.125" /><testcase classname="tests.test_skapeta_orders.TestMenuItems" name="test_get_available_menu_items" time="0.127" /><testcase classname="tests.test_skapeta_orders.TestMenuItems" name="test_menu_item_structure" time="0.338" /><testcase classname="tests.test_skapeta_orders.TestCustomerAuth" name="test_customer_register" time="0.100" /><testcase classname="tests.test_skapeta_orders.TestCustomerAuth" name="test_customer_login" time="0.133" /><testcase classname="tests.test_skapeta_orders.TestAdminAuth" name="test_admin_login" time="0.596" /><testcase classname="tests.test_skapeta_orders.TestAdminAuth" name="test_admin_login_invalid" time="0.118" /><testcase classname="tests.test_skapeta_orders.TestOrders" name="test_create_order" time="0.329" /><testcase classname="tests.test_skapeta_orders.TestOrders" name="test_get_order_by_id" time="0.404" /><testcase classname="tests.test_skapeta_orders.TestOrders" name="test_get_user_orders" time="0.436" /><testcase classname="tests.test_skapeta_orders.TestOrders" name="test_admin_get_all_orders" time="0.543" /><testcase classname="tests.test_skapeta_orders.TestOrders" name="test_admin_update_order_status" time="1.010" /><testcase classname="tests.test_skapeta_orders.TestSettings" name="test_get_settings" time="0.095" /><testcase classname="tests.test_skapeta_orders.TestSettings" name="test_settings_has_notification_sound_field" time="0.101" /><testcase classname="tests.test_skapeta_orders.TestCleanup" name="test_cleanup_test_orders" time="0.558" /></testsuite></testsuites>