<?xml version="1.0" encoding="utf-8"?><testsuites name="pytest tests"><testsuite name="pytest" errors="0" failures="0" skipped="0" tests="8" time="3.598" timestamp="2026-03-07T00:44:49.997813+00:00" hostname="agent-env-99ff99c9-a260-462c-bdb0-fd748b8d17ce"><testcase classname="backend.tests.test_whatsapp_flow.TestSettingsWhatsApp" name="test_settings_returns_whatsapp_number" time="0.360" /><testcase classname="backend.tests.test_whatsapp_flow.TestCustomerAuth" name="test_customer_register" time="0.090" /><testcase classname="backend.tests.test_whatsapp_flow.TestCustomerAuth" name="test_customer_login" time="0.167" /><testcase classname="backend.tests.test_whatsapp_flow.TestMenuAvailability" name="test_get_available_menu_items" time="0.107" /><testcase classname="backend.tests.test_whatsapp_flow.TestOrderCreationWithWhatsApp" name="test_create_order_for_whatsapp" time="1.213" /><testcase classname="backend.tests.test_whatsapp_flow.TestOrderCreationWithWhatsApp" name="test_order_items_format" time="0.773" /><testcase classname="backend.tests.test_whatsapp_flow.TestWhatsAppURLConstruction" name="test_whatsapp_url_format" time="0.084" /><testcase classname="backend.tests.test_whatsapp_flow.TestCleanup" name="test_cleanup_test_orders" time="0.485" /></testsuite></testsuites>